FETCH LIVE MATCHES - user_id: 4
ROWS FOUND: 1
DATA: ((159, 'max', 'jack', '', 52, 4, 32, 1, 3.0, 10.67, 2, '5', 'Team A', 'Bowling'),)

FETCH LIVE MATCHES - user_id: 4
ROWS FOUND: 1
DATA: ((159, 'max', 'jack', '', 52, 4, 32, 1, 3.0, 10.67, 2, '5', 'Team A', 'Bowling'),)

FETCH LIVE MATCHES - user_id: 4
ROWS FOUND: 1
DATA: ((159, 'max', 'jack', '', 52, 4, 32, 1, 3.0, 10.67, 2, '5', 'Team A', 'Bowling'),)

FETCH LIVE MATCHES - user_id: 4
ROWS FOUND: 1
DATA: ((159, 'max', 'jack', '', 52, 4, 32, 1, 3.0, 10.67, 2, '5', 'Team A', 'Bowling'),)

FETCH LIVE MATCHES - user_id: 4
ROWS FOUND: 1
DATA: ((159, 'max', 'jack', '', 52, 4, 32, 1, 3.0, 10.67, 2, '5', 'Team A', 'Bowling'),)

FETCH LIVE MATCHES - user_id: 4
ROWS FOUND: 1
DATA: ((159, 'max', 'jack', '', 52, 4, 32, 1, 3.0, 10.67, 2, '5', 'Team A', 'Bowling'),)

FETCH LIVE MATCHES - user_id: 4
ROWS FOUND: 1
DATA: ((159, 'max', 'jack', '', 52, 4, 32, 1, 3.0, 10.67, 2, '5', 'Team A', 'Bowling'),)

FETCH LIVE MATCHES - user_id: None
ROWS FOUND: 1
DATA: ((159, 'max', 'jack', '', 52, 4, 35, 1, 3.1, 11.05, 2, '5', 'Team A', 'Bowling'),)

FETCH LIVE MATCHES - user_id: 25
ROWS FOUND: 0
DATA: ()

FETCH LIVE MATCHES - user_id: 25
ROWS FOUND: 0
DATA: ()

FETCH LIVE MATCHES - user_id: None
ROWS FOUND: 1
DATA: ((159, 'max', 'jack', '', 52, 4, 34, 1, 3.0, 11.33, 2, '5', 'Team A', 'Bowling'),)

